0 info it worked if it ends with ok
1 verbose cli [ '/usr/bin/node',
1 verbose cli   '/usr/bin/npm',
1 verbose cli   'install',
1 verbose cli   '--save',
1 verbose cli   'node-curl' ]
2 info using npm@3.10.5
3 info using node@v6.3.0
4 silly loadCurrentTree Starting
5 silly install loadCurrentTree
6 silly install readLocalPackageData
7 silly fetchPackageMetaData node-curl
8 silly fetchNamedPackageData node-curl
9 silly mapToRegistry name node-curl
10 silly mapToRegistry using default registry
11 silly mapToRegistry registry https://registry.npmjs.org/
12 silly mapToRegistry data Result {
12 silly mapToRegistry   raw: 'node-curl',
12 silly mapToRegistry   scope: null,
12 silly mapToRegistry   escapedName: 'node-curl',
12 silly mapToRegistry   name: 'node-curl',
12 silly mapToRegistry   rawSpec: '',
12 silly mapToRegistry   spec: 'latest',
12 silly mapToRegistry   type: 'tag' }
13 silly mapToRegistry uri https://registry.npmjs.org/node-curl
14 verbose request uri https://registry.npmjs.org/node-curl
15 verbose request no auth needed
16 info attempt registry request try #1 at 7:36:57 PM
17 verbose request id 872ec1c1489dd8ca
18 http request GET https://registry.npmjs.org/node-curl
19 http 200 https://registry.npmjs.org/node-curl
20 verbose headers { server: 'CouchDB/1.6.1 (Erlang OTP/R16B03)',
20 verbose headers   etag: '"6BRQTSQA310L5MQWOUIIC9A6P"',
20 verbose headers   'content-type': 'application/json',
20 verbose headers   'content-encoding': 'gzip',
20 verbose headers   'cache-control': 'max-age=300',
20 verbose headers   'content-length': '4088',
20 verbose headers   'accept-ranges': 'bytes',
20 verbose headers   date: 'Thu, 14 Jul 2016 23:36:57 GMT',
20 verbose headers   via: '1.1 varnish',
20 verbose headers   age: '0',
20 verbose headers   connection: 'keep-alive',
20 verbose headers   'x-served-by': 'cache-jfk1034-JFK',
20 verbose headers   'x-cache': 'MISS',
20 verbose headers   'x-cache-hits': '0',
20 verbose headers   'x-timer': 'S1468539417.425858,VS0,VE113',
20 verbose headers   vary: 'Accept-Encoding' }
21 silly get cb [ 200,
21 silly get   { server: 'CouchDB/1.6.1 (Erlang OTP/R16B03)',
21 silly get     etag: '"6BRQTSQA310L5MQWOUIIC9A6P"',
21 silly get     'content-type': 'application/json',
21 silly get     'content-encoding': 'gzip',
21 silly get     'cache-control': 'max-age=300',
21 silly get     'content-length': '4088',
21 silly get     'accept-ranges': 'bytes',
21 silly get     date: 'Thu, 14 Jul 2016 23:36:57 GMT',
21 silly get     via: '1.1 varnish',
21 silly get     age: '0',
21 silly get     connection: 'keep-alive',
21 silly get     'x-served-by': 'cache-jfk1034-JFK',
21 silly get     'x-cache': 'MISS',
21 silly get     'x-cache-hits': '0',
21 silly get     'x-timer': 'S1468539417.425858,VS0,VE113',
21 silly get     vary: 'Accept-Encoding' } ]
22 verbose get saving node-curl to /home/anthony/.npm/registry.npmjs.org/node-curl/.cache.json
23 verbose correctMkdir /home/anthony/.npm correctMkdir not in flight; initializing
24 silly install normalizeTree
25 silly loadCurrentTree Finishing
26 silly loadIdealTree Starting
27 silly install loadIdealTree
28 silly cloneCurrentTree Starting
29 silly install cloneCurrentTreeToIdealTree
30 silly cloneCurrentTree Finishing
31 silly loadShrinkwrap Starting
32 silly install loadShrinkwrap
33 silly loadShrinkwrap Finishing
34 silly loadAllDepsIntoIdealTree Starting
35 silly install loadAllDepsIntoIdealTree
36 silly resolveWithNewModule node-curl@0.3.3 checking installable status
37 silly cache add args [ 'node-curl', null ]
38 verbose cache add spec node-curl
39 silly cache add parsed spec Result {
39 silly cache add   raw: 'node-curl',
39 silly cache add   scope: null,
39 silly cache add   escapedName: 'node-curl',
39 silly cache add   name: 'node-curl',
39 silly cache add   rawSpec: '',
39 silly cache add   spec: 'latest',
39 silly cache add   type: 'tag' }
40 silly addNamed node-curl@latest
41 verbose addNamed "latest" is being treated as a dist-tag for node-curl
42 info addNameTag [ 'node-curl', 'latest' ]
43 silly mapToRegistry name node-curl
44 silly mapToRegistry using default registry
45 silly mapToRegistry registry https://registry.npmjs.org/
46 silly mapToRegistry data Result {
46 silly mapToRegistry   raw: 'node-curl',
46 silly mapToRegistry   scope: null,
46 silly mapToRegistry   escapedName: 'node-curl',
46 silly mapToRegistry   name: 'node-curl',
46 silly mapToRegistry   rawSpec: '',
46 silly mapToRegistry   spec: 'latest',
46 silly mapToRegistry   type: 'tag' }
47 silly mapToRegistry uri https://registry.npmjs.org/node-curl
48 verbose addNameTag registry:https://registry.npmjs.org/node-curl not in flight; fetching
49 verbose get https://registry.npmjs.org/node-curl not expired, no request
50 silly addNameTag next cb for node-curl with tag latest
51 silly addNamed node-curl@0.3.3
52 verbose addNamed "0.3.3" is a plain semver version for node-curl
53 silly mapToRegistry name node-curl
54 silly mapToRegistry using default registry
55 silly mapToRegistry registry https://registry.npmjs.org/
56 silly mapToRegistry data Result {
56 silly mapToRegistry   raw: 'node-curl',
56 silly mapToRegistry   scope: null,
56 silly mapToRegistry   escapedName: 'node-curl',
56 silly mapToRegistry   name: 'node-curl',
56 silly mapToRegistry   rawSpec: '',
56 silly mapToRegistry   spec: 'latest',
56 silly mapToRegistry   type: 'tag' }
57 silly mapToRegistry uri https://registry.npmjs.org/node-curl
58 verbose addRemoteTarball https://registry.npmjs.org/node-curl/-/node-curl-0.3.3.tgz not in flight; adding
59 verbose addRemoteTarball [ 'https://registry.npmjs.org/node-curl/-/node-curl-0.3.3.tgz',
59 verbose addRemoteTarball   '71274370774c2298b860307a9e45877701638735' ]
60 info retry fetch attempt 1 at 7:36:57 PM
61 info attempt registry request try #1 at 7:36:57 PM
62 http fetch GET https://registry.npmjs.org/node-curl/-/node-curl-0.3.3.tgz
63 http fetch 200 https://registry.npmjs.org/node-curl/-/node-curl-0.3.3.tgz
64 silly fetchAndShaCheck shasum 71274370774c2298b860307a9e45877701638735
65 verbose addTmpTarball /tmp/npm-29795-f3cf0ad7/registry.npmjs.org/node-curl/-/node-curl-0.3.3.tgz not in flight; adding
66 verbose addTmpTarball already have metadata; skipping unpack for node-curl@0.3.3
67 verbose correctMkdir /home/anthony/.npm correctMkdir not in flight; initializing
68 silly cache afterAdd node-curl@0.3.3
69 verbose afterAdd /home/anthony/.npm/node-curl/0.3.3/package/package.json not in flight; writing
70 verbose correctMkdir /home/anthony/.npm correctMkdir not in flight; initializing
71 verbose afterAdd /home/anthony/.npm/node-curl/0.3.3/package/package.json written
72 silly loadAllDepsIntoIdealTree Finishing
73 silly loadIdealTree Finishing
74 silly currentTree slackbot@0.0.1
74 silly currentTree ├── accepts@1.3.3
74 silly currentTree ├── agent-base@2.0.1
74 silly currentTree ├── ansi-escape-sequences@2.2.2
74 silly currentTree ├── ansi-regex@2.0.0
74 silly currentTree ├── ansi-styles@2.2.1
74 silly currentTree ├── array-back@1.0.3
74 silly currentTree ├── array-flatten@1.1.1
74 silly currentTree ├── asn1@0.1.11
74 silly currentTree ├── assert-plus@0.1.5
74 silly currentTree ├── async@2.0.0
74 silly currentTree ├── aws-sign2@0.6.0
74 silly currentTree ├── aws4@1.4.1
74 silly currentTree ├── back@1.0.1
74 silly currentTree ├── base64-url@1.2.2
74 silly currentTree ├── base64url@1.0.6
74 silly currentTree ├── bl@1.0.3
74 silly currentTree ├── bluebird@2.10.2
74 silly currentTree ├── body-parser@1.15.2
74 silly currentTree ├── boom@2.10.1
74 silly currentTree ├── botkit@0.2.2
74 silly currentTree ├── buffer-equal-constant-time@1.0.1
74 silly currentTree ├── bytes@2.4.0
74 silly currentTree ├── camelcase-keys@1.0.0
74 silly currentTree ├── camelcase@1.2.1
74 silly currentTree ├── caseless@0.11.0
74 silly currentTree ├── chalk@1.1.3
74 silly currentTree ├── cliui@3.2.0
74 silly currentTree ├── clone@1.0.2
74 silly currentTree ├── co@3.1.0
74 silly currentTree ├── code-point-at@1.0.0
74 silly currentTree ├── collect-all@0.2.1
74 silly currentTree ├─┬ collect-json@1.0.8
74 silly currentTree │ ├── collect-all@1.0.2
74 silly currentTree │ └── stream-via@1.0.3
74 silly currentTree ├── column-layout@2.1.4
74 silly currentTree ├── combined-stream@1.0.5
74 silly currentTree ├── command-line-args@2.1.6
74 silly currentTree ├── command-line-usage@2.0.5
74 silly currentTree ├── commander@2.9.0
74 silly currentTree ├─┬ concat-stream@1.4.10
74 silly currentTree │ ├── isarray@0.0.1
74 silly currentTree │ └── readable-stream@1.1.14
74 silly currentTree ├── content-disposition@0.5.1
74 silly currentTree ├── content-type@1.0.2
74 silly currentTree ├── cookie-signature@1.0.6
74 silly currentTree ├── cookie@0.3.1
74 silly currentTree ├── core-js@2.4.0
74 silly currentTree ├── core-util-is@1.0.2
74 silly currentTree ├── cryptiles@2.0.5
74 silly currentTree ├── ctype@0.5.3
74 silly currentTree ├─┬ dashdash@1.14.0
74 silly currentTree │ └── assert-plus@1.0.0
74 silly currentTree ├── debug@2.2.0
74 silly currentTree ├── decamelize@1.2.0
74 silly currentTree ├── deep-extend@0.4.1
74 silly currentTree ├── delayed-stream@1.0.0
74 silly currentTree ├── depd@1.1.0
74 silly currentTree ├── deprecate@0.1.0
74 silly currentTree ├── destroy@1.0.4
74 silly currentTree ├── ecc-jsbn@0.1.1
74 silly currentTree ├── ecdsa-sig-formatter@1.0.7
74 silly currentTree ├── ee-first@1.1.1
74 silly currentTree ├── encodeurl@1.0.1
74 silly currentTree ├── escape-html@1.0.3
74 silly currentTree ├── escape-string-regexp@1.0.5
74 silly currentTree ├── etag@1.7.0
74 silly currentTree ├── express@4.14.0
74 silly currentTree ├── extend@3.0.0
74 silly currentTree ├── extsprintf@1.0.2
74 silly currentTree ├── feature-detect-es6@1.3.0
74 silly currentTree ├── finalhandler@0.5.0
74 silly currentTree ├─┬ find-replace@1.0.2
74 silly currentTree │ └── test-value@2.0.0
74 silly currentTree ├── forever-agent@0.6.1
74 silly currentTree ├─┬ form-data@1.0.0-rc4
74 silly currentTree │ └── async@1.5.2
74 silly currentTree ├── forwarded@0.1.0
74 silly currentTree ├── fresh@0.3.0
74 silly currentTree ├── generate-function@2.0.0
74 silly currentTree ├── generate-object-property@1.2.0
74 silly currentTree ├── get-stdin@4.0.1
74 silly currentTree ├─┬ getpass@0.1.6
74 silly currentTree │ └── assert-plus@1.0.0
74 silly currentTree ├── graceful-readlink@1.0.1
74 silly currentTree ├── har-validator@2.0.6
74 silly currentTree ├── has-ansi@2.0.0
74 silly currentTree ├── hawk@3.1.3
74 silly currentTree ├── hoek@2.16.3
74 silly currentTree ├── http-errors@1.5.0
74 silly currentTree ├── http-signature@0.11.0
74 silly currentTree ├── https-proxy-agent@1.0.0
74 silly currentTree ├── iconv-lite@0.4.13
74 silly currentTree ├─┬ indent-string@1.2.2
74 silly currentTree │ └── minimist@1.2.0
74 silly currentTree ├── inherits@2.0.1
74 silly currentTree ├── invert-kv@1.0.0
74 silly currentTree ├── ipaddr.js@1.1.1
74 silly currentTree ├── is-finite@1.0.1
74 silly currentTree ├── is-fullwidth-code-point@1.0.0
74 silly currentTree ├── is-my-json-valid@2.13.1
74 silly currentTree ├── is-property@1.0.2
74 silly currentTree ├── is-typedarray@1.0.0
74 silly currentTree ├── isarray@1.0.0
74 silly currentTree ├── isstream@0.1.2
74 silly currentTree ├─┬ jfs@0.2.6
74 silly currentTree │ └── async@1.2.1
74 silly currentTree ├── jodid25519@1.0.2
74 silly currentTree ├── jsbn@0.1.0
74 silly currentTree ├── json-schema@0.2.2
74 silly currentTree ├── json-stringify-safe@5.0.1
74 silly currentTree ├── jsonpointer@2.0.0
74 silly currentTree ├── jsonwebtoken@5.4.1
74 silly currentTree ├── jsprim@1.3.0
74 silly currentTree ├── jwa@1.1.3
74 silly currentTree ├── jws@3.1.3
74 silly currentTree ├── jwt-simple@0.1.0
74 silly currentTree ├── lcid@1.0.0
74 silly currentTree ├─┬ localtunnel@1.8.1
74 silly currentTree │ ├── qs@5.2.0
74 silly currentTree │ └── request@2.65.0
74 silly currentTree ├── lodash@4.13.1
74 silly currentTree ├── map-obj@1.0.1
74 silly currentTree ├── media-typer@0.3.0
74 silly currentTree ├─┬ meow@2.0.0
74 silly currentTree │ └── minimist@1.2.0
74 silly currentTree ├── merge-descriptors@1.0.1
74 silly currentTree ├── methods@1.1.2
74 silly currentTree ├── mime-db@1.23.0
74 silly currentTree ├── mime-types@2.1.11
74 silly currentTree ├── mime@1.3.4
74 silly currentTree ├── minimist@0.0.8
74 silly currentTree ├── mkdirp@0.5.1
74 silly currentTree ├── ms@0.7.1
74 silly currentTree ├── mustache@2.2.1
74 silly currentTree ├── negotiator@0.6.1
74 silly currentTree ├── node-uuid@1.4.7
74 silly currentTree ├── number-is-nan@1.0.0
74 silly currentTree ├── oauth-sign@0.8.2
74 silly currentTree ├── object-assign@1.0.0
74 silly currentTree ├── object-get@2.1.0
74 silly currentTree ├── object-tools@2.0.6
74 silly currentTree ├── on-finished@2.3.0
74 silly currentTree ├── openurl@1.1.0
74 silly currentTree ├── options@0.0.6
74 silly currentTree ├── os-locale@1.4.0
74 silly currentTree ├── parseurl@1.3.1
74 silly currentTree ├── path-to-regexp@0.1.7
74 silly currentTree ├── pinkie-promise@2.0.1
74 silly currentTree ├── pinkie@2.0.4
74 silly currentTree ├── process-nextick-args@1.0.7
74 silly currentTree ├── proxy-addr@1.1.2
74 silly currentTree ├── q@0.9.7
74 silly currentTree ├── qs@6.2.0
74 silly currentTree ├── range-parser@1.2.0
74 silly currentTree ├── raw-body@2.1.7
74 silly currentTree ├── readable-stream@2.0.6
74 silly currentTree ├── repeating@1.1.3
74 silly currentTree ├─┬ request@2.73.0
74 silly currentTree │ ├── assert-plus@0.2.0
74 silly currentTree │ ├── bl@1.1.2
74 silly currentTree │ └── http-signature@1.1.1
74 silly currentTree ├── scmp@0.0.3
74 silly currentTree ├── semver@5.0.3
74 silly currentTree ├── send@0.14.1
74 silly currentTree ├── serve-static@1.11.1
74 silly currentTree ├── setprototypeof@1.0.1
74 silly currentTree ├── sntp@1.0.9
74 silly currentTree ├─┬ sshpk@1.8.3
74 silly currentTree │ ├── asn1@0.2.3
74 silly currentTree │ └── assert-plus@1.0.0
74 silly currentTree ├── statuses@1.3.0
74 silly currentTree ├── stream-connect@1.0.2
74 silly currentTree ├── stream-via@0.1.1
74 silly currentTree ├── string_decoder@0.10.31
74 silly currentTree ├── string-width@1.0.1
74 silly currentTree ├── string.prototype.startswith@0.2.0
74 silly currentTree ├── stringstream@0.0.5
74 silly currentTree ├── strip-ansi@3.0.1
74 silly currentTree ├── supports-color@2.0.0
74 silly currentTree ├── test-value@1.1.0
74 silly currentTree ├── tough-cookie@2.2.2
74 silly currentTree ├── tunnel-agent@0.4.3
74 silly currentTree ├── tweetnacl@0.13.3
74 silly currentTree ├─┬ twilio@2.9.1
74 silly currentTree │ ├── async@0.9.2
74 silly currentTree │ ├── aws-sign2@0.5.0
74 silly currentTree │ ├── bl@0.9.5
74 silly currentTree │ ├── caseless@0.9.0
74 silly currentTree │ ├── combined-stream@0.0.7
74 silly currentTree │ ├── delayed-stream@0.0.5
74 silly currentTree │ ├── form-data@0.2.0
74 silly currentTree │ ├── har-validator@1.8.0
74 silly currentTree │ ├── hawk@2.3.1
74 silly currentTree │ ├── http-signature@0.10.1
74 silly currentTree │ ├── isarray@0.0.1
74 silly currentTree │ ├── mime-db@1.12.0
74 silly currentTree │ ├── mime-types@2.0.14
74 silly currentTree │ ├── oauth-sign@0.6.0
74 silly currentTree │ ├── qs@2.4.2
74 silly currentTree │ ├── readable-stream@1.0.34
74 silly currentTree │ └── request@2.55.0
74 silly currentTree ├── type-is@1.6.13
74 silly currentTree ├── typedarray@0.0.6
74 silly currentTree ├── typical@2.4.2
74 silly currentTree ├── ultron@1.0.2
74 silly currentTree ├── underscore@1.8.3
74 silly currentTree ├── unpipe@1.0.0
74 silly currentTree ├── util-deprecate@1.0.2
74 silly currentTree ├── utils-merge@1.0.0
74 silly currentTree ├── vary@1.1.0
74 silly currentTree ├── verror@1.3.6
74 silly currentTree ├── ware@1.3.0
74 silly currentTree ├── window-size@0.1.4
74 silly currentTree ├── wordwrapjs@1.2.0
74 silly currentTree ├── wrap-ansi@2.0.0
74 silly currentTree ├── wrap-fn@0.1.5
74 silly currentTree ├── ws@1.1.1
74 silly currentTree ├── xtend@4.0.1
74 silly currentTree ├── y18n@3.2.1
74 silly currentTree └── yargs@3.29.0
75 silly idealTree slackbot@0.0.1
75 silly idealTree ├── accepts@1.3.3
75 silly idealTree ├── agent-base@2.0.1
75 silly idealTree ├── ansi-escape-sequences@2.2.2
75 silly idealTree ├── ansi-regex@2.0.0
75 silly idealTree ├── ansi-styles@2.2.1
75 silly idealTree ├── array-back@1.0.3
75 silly idealTree ├── array-flatten@1.1.1
75 silly idealTree ├── asn1@0.1.11
75 silly idealTree ├── assert-plus@0.1.5
75 silly idealTree ├── async@2.0.0
75 silly idealTree ├── aws-sign2@0.6.0
75 silly idealTree ├── aws4@1.4.1
75 silly idealTree ├── back@1.0.1
75 silly idealTree ├── base64-url@1.2.2
75 silly idealTree ├── base64url@1.0.6
75 silly idealTree ├── bl@1.0.3
75 silly idealTree ├── bluebird@2.10.2
75 silly idealTree ├── body-parser@1.15.2
75 silly idealTree ├── boom@2.10.1
75 silly idealTree ├── botkit@0.2.2
75 silly idealTree ├── buffer-equal-constant-time@1.0.1
75 silly idealTree ├── bytes@2.4.0
75 silly idealTree ├── camelcase-keys@1.0.0
75 silly idealTree ├── camelcase@1.2.1
75 silly idealTree ├── caseless@0.11.0
75 silly idealTree ├── chalk@1.1.3
75 silly idealTree ├── cliui@3.2.0
75 silly idealTree ├── clone@1.0.2
75 silly idealTree ├── co@3.1.0
75 silly idealTree ├── code-point-at@1.0.0
75 silly idealTree ├── collect-all@0.2.1
75 silly idealTree ├─┬ collect-json@1.0.8
75 silly idealTree │ ├── collect-all@1.0.2
75 silly idealTree │ └── stream-via@1.0.3
75 silly idealTree ├── column-layout@2.1.4
75 silly idealTree ├── combined-stream@1.0.5
75 silly idealTree ├── command-line-args@2.1.6
75 silly idealTree ├── command-line-usage@2.0.5
75 silly idealTree ├── commander@2.9.0
75 silly idealTree ├─┬ concat-stream@1.4.10
75 silly idealTree │ ├── isarray@0.0.1
75 silly idealTree │ └── readable-stream@1.1.14
75 silly idealTree ├── content-disposition@0.5.1
75 silly idealTree ├── content-type@1.0.2
75 silly idealTree ├── cookie-signature@1.0.6
75 silly idealTree ├── cookie@0.3.1
75 silly idealTree ├── core-js@2.4.0
75 silly idealTree ├── core-util-is@1.0.2
75 silly idealTree ├── cryptiles@2.0.5
75 silly idealTree ├── ctype@0.5.3
75 silly idealTree ├─┬ dashdash@1.14.0
75 silly idealTree │ └── assert-plus@1.0.0
75 silly idealTree ├── debug@2.2.0
75 silly idealTree ├── decamelize@1.2.0
75 silly idealTree ├── deep-extend@0.4.1
75 silly idealTree ├── delayed-stream@1.0.0
75 silly idealTree ├── depd@1.1.0
75 silly idealTree ├── deprecate@0.1.0
75 silly idealTree ├── destroy@1.0.4
75 silly idealTree ├── ecc-jsbn@0.1.1
75 silly idealTree ├── ecdsa-sig-formatter@1.0.7
75 silly idealTree ├── ee-first@1.1.1
75 silly idealTree ├── encodeurl@1.0.1
75 silly idealTree ├── escape-html@1.0.3
75 silly idealTree ├── escape-string-regexp@1.0.5
75 silly idealTree ├── etag@1.7.0
75 silly idealTree ├── express@4.14.0
75 silly idealTree ├── extend@3.0.0
75 silly idealTree ├── extsprintf@1.0.2
75 silly idealTree ├── feature-detect-es6@1.3.0
75 silly idealTree ├── finalhandler@0.5.0
75 silly idealTree ├─┬ find-replace@1.0.2
75 silly idealTree │ └── test-value@2.0.0
75 silly idealTree ├── forever-agent@0.6.1
75 silly idealTree ├─┬ form-data@1.0.0-rc4
75 silly idealTree │ └── async@1.5.2
75 silly idealTree ├── forwarded@0.1.0
75 silly idealTree ├── fresh@0.3.0
75 silly idealTree ├── generate-function@2.0.0
75 silly idealTree ├── generate-object-property@1.2.0
75 silly idealTree ├── get-stdin@4.0.1
75 silly idealTree ├─┬ getpass@0.1.6
75 silly idealTree │ └── assert-plus@1.0.0
75 silly idealTree ├── graceful-readlink@1.0.1
75 silly idealTree ├── har-validator@2.0.6
75 silly idealTree ├── has-ansi@2.0.0
75 silly idealTree ├── hawk@3.1.3
75 silly idealTree ├── hoek@2.16.3
75 silly idealTree ├── http-errors@1.5.0
75 silly idealTree ├── http-signature@0.11.0
75 silly idealTree ├── https-proxy-agent@1.0.0
75 silly idealTree ├── iconv-lite@0.4.13
75 silly idealTree ├─┬ indent-string@1.2.2
75 silly idealTree │ └── minimist@1.2.0
75 silly idealTree ├── inherits@2.0.1
75 silly idealTree ├── invert-kv@1.0.0
75 silly idealTree ├── ipaddr.js@1.1.1
75 silly idealTree ├── is-finite@1.0.1
75 silly idealTree ├── is-fullwidth-code-point@1.0.0
75 silly idealTree ├── is-my-json-valid@2.13.1
75 silly idealTree ├── is-property@1.0.2
75 silly idealTree ├── is-typedarray@1.0.0
75 silly idealTree ├── isarray@1.0.0
75 silly idealTree ├── isstream@0.1.2
75 silly idealTree ├─┬ jfs@0.2.6
75 silly idealTree │ └── async@1.2.1
75 silly idealTree ├── jodid25519@1.0.2
75 silly idealTree ├── jsbn@0.1.0
75 silly idealTree ├── json-schema@0.2.2
75 silly idealTree ├── json-stringify-safe@5.0.1
75 silly idealTree ├── jsonpointer@2.0.0
75 silly idealTree ├── jsonwebtoken@5.4.1
75 silly idealTree ├── jsprim@1.3.0
75 silly idealTree ├── jwa@1.1.3
75 silly idealTree ├── jws@3.1.3
75 silly idealTree ├── jwt-simple@0.1.0
75 silly idealTree ├── lcid@1.0.0
75 silly idealTree ├─┬ localtunnel@1.8.1
75 silly idealTree │ ├── qs@5.2.0
75 silly idealTree │ └── request@2.65.0
75 silly idealTree ├── lodash@4.13.1
75 silly idealTree ├── map-obj@1.0.1
75 silly idealTree ├── media-typer@0.3.0
75 silly idealTree ├─┬ meow@2.0.0
75 silly idealTree │ └── minimist@1.2.0
75 silly idealTree ├── merge-descriptors@1.0.1
75 silly idealTree ├── methods@1.1.2
75 silly idealTree ├── mime-db@1.23.0
75 silly idealTree ├── mime-types@2.1.11
75 silly idealTree ├── mime@1.3.4
75 silly idealTree ├── minimist@0.0.8
75 silly idealTree ├── mkdirp@0.5.1
75 silly idealTree ├── ms@0.7.1
75 silly idealTree ├── mustache@2.2.1
75 silly idealTree ├── negotiator@0.6.1
75 silly idealTree ├── node-curl@0.3.3
75 silly idealTree ├── node-uuid@1.4.7
75 silly idealTree ├── number-is-nan@1.0.0
75 silly idealTree ├── oauth-sign@0.8.2
75 silly idealTree ├── object-assign@1.0.0
75 silly idealTree ├── object-get@2.1.0
75 silly idealTree ├── object-tools@2.0.6
75 silly idealTree ├── on-finished@2.3.0
75 silly idealTree ├── openurl@1.1.0
75 silly idealTree ├── options@0.0.6
75 silly idealTree ├── os-locale@1.4.0
75 silly idealTree ├── parseurl@1.3.1
75 silly idealTree ├── path-to-regexp@0.1.7
75 silly idealTree ├── pinkie-promise@2.0.1
75 silly idealTree ├── pinkie@2.0.4
75 silly idealTree ├── process-nextick-args@1.0.7
75 silly idealTree ├── proxy-addr@1.1.2
75 silly idealTree ├── q@0.9.7
75 silly idealTree ├── qs@6.2.0
75 silly idealTree ├── range-parser@1.2.0
75 silly idealTree ├── raw-body@2.1.7
75 silly idealTree ├── readable-stream@2.0.6
75 silly idealTree ├── repeating@1.1.3
75 silly idealTree ├─┬ request@2.73.0
75 silly idealTree │ ├── assert-plus@0.2.0
75 silly idealTree │ ├── bl@1.1.2
75 silly idealTree │ └── http-signature@1.1.1
75 silly idealTree ├── scmp@0.0.3
75 silly idealTree ├── semver@5.0.3
75 silly idealTree ├── send@0.14.1
75 silly idealTree ├── serve-static@1.11.1
75 silly idealTree ├── setprototypeof@1.0.1
75 silly idealTree ├── sntp@1.0.9
75 silly idealTree ├─┬ sshpk@1.8.3
75 silly idealTree │ ├── asn1@0.2.3
75 silly idealTree │ └── assert-plus@1.0.0
75 silly idealTree ├── statuses@1.3.0
75 silly idealTree ├── stream-connect@1.0.2
75 silly idealTree ├── stream-via@0.1.1
75 silly idealTree ├── string_decoder@0.10.31
75 silly idealTree ├── string-width@1.0.1
75 silly idealTree ├── string.prototype.startswith@0.2.0
75 silly idealTree ├── stringstream@0.0.5
75 silly idealTree ├── strip-ansi@3.0.1
75 silly idealTree ├── supports-color@2.0.0
75 silly idealTree ├── test-value@1.1.0
75 silly idealTree ├── tough-cookie@2.2.2
75 silly idealTree ├── tunnel-agent@0.4.3
75 silly idealTree ├── tweetnacl@0.13.3
75 silly idealTree ├─┬ twilio@2.9.1
75 silly idealTree │ ├── async@0.9.2
75 silly idealTree │ ├── aws-sign2@0.5.0
75 silly idealTree │ ├── bl@0.9.5
75 silly idealTree │ ├── caseless@0.9.0
75 silly idealTree │ ├── combined-stream@0.0.7
75 silly idealTree │ ├── delayed-stream@0.0.5
75 silly idealTree │ ├── form-data@0.2.0
75 silly idealTree │ ├── har-validator@1.8.0
75 silly idealTree │ ├── hawk@2.3.1
75 silly idealTree │ ├── http-signature@0.10.1
75 silly idealTree │ ├── isarray@0.0.1
75 silly idealTree │ ├── mime-db@1.12.0
75 silly idealTree │ ├── mime-types@2.0.14
75 silly idealTree │ ├── oauth-sign@0.6.0
75 silly idealTree │ ├── qs@2.4.2
75 silly idealTree │ ├── readable-stream@1.0.34
75 silly idealTree │ └── request@2.55.0
75 silly idealTree ├── type-is@1.6.13
75 silly idealTree ├── typedarray@0.0.6
75 silly idealTree ├── typical@2.4.2
75 silly idealTree ├── ultron@1.0.2
75 silly idealTree ├── underscore@1.8.3
75 silly idealTree ├── unpipe@1.0.0
75 silly idealTree ├── util-deprecate@1.0.2
75 silly idealTree ├── utils-merge@1.0.0
75 silly idealTree ├── vary@1.1.0
75 silly idealTree ├── verror@1.3.6
75 silly idealTree ├── ware@1.3.0
75 silly idealTree ├── window-size@0.1.4
75 silly idealTree ├── wordwrapjs@1.2.0
75 silly idealTree ├── wrap-ansi@2.0.0
75 silly idealTree ├── wrap-fn@0.1.5
75 silly idealTree ├── ws@1.1.1
75 silly idealTree ├── xtend@4.0.1
75 silly idealTree ├── y18n@3.2.1
75 silly idealTree └── yargs@3.29.0
76 silly generateActionsToTake Starting
77 silly install generateActionsToTake
78 silly generateActionsToTake Finishing
79 silly diffTrees action count 1
80 silly diffTrees add node-curl@0.3.3
81 silly decomposeActions action count 8
82 silly decomposeActions fetch node-curl@0.3.3
83 silly decomposeActions extract node-curl@0.3.3
84 silly decomposeActions test node-curl@0.3.3
85 silly decomposeActions preinstall node-curl@0.3.3
86 silly decomposeActions build node-curl@0.3.3
87 silly decomposeActions install node-curl@0.3.3
88 silly decomposeActions postinstall node-curl@0.3.3
89 silly decomposeActions finalize node-curl@0.3.3
90 silly executeActions Starting
91 silly install executeActions
92 silly doSerial global-install 0
93 silly doParallel fetch 1
94 verbose correctMkdir /home/anthony/.npm/_locks correctMkdir not in flight; initializing
95 verbose lock using /home/anthony/.npm/_locks/staging-262ffcd3f8b755a3.lock for /home/anthony/Projects/slackbot/node_modules/.staging
96 silly doParallel extract 1
97 silly extract node-curl@0.3.3
98 verbose unbuild node_modules/.staging/node-curl-798239e8
99 silly gentlyRm /home/anthony/Projects/slackbot/node_modules/.staging/node-curl-798239e8 is being purged from base /home/anthony/Projects/slackbot
100 verbose gentlyRm don't care about contents; nuking /home/anthony/Projects/slackbot/node_modules/.staging/node-curl-798239e8
101 verbose tar unpack /home/anthony/.npm/node-curl/0.3.3/package.tgz
102 verbose tar unpacking to /home/anthony/Projects/slackbot/node_modules/.staging/node-curl-798239e8
103 silly gentlyRm /home/anthony/Projects/slackbot/node_modules/.staging/node-curl-798239e8 is being purged
104 verbose gentlyRm don't care about contents; nuking /home/anthony/Projects/slackbot/node_modules/.staging/node-curl-798239e8
105 silly gunzTarPerm modes [ '755', '644' ]
106 silly gunzTarPerm extractEntry package.json
107 silly gunzTarPerm extractEntry .npmignore
108 silly gunzTarPerm extractEntry README.md
109 silly gunzTarPerm extractEntry index.js
110 silly gunzTarPerm extractEntry binding.gyp
111 silly gunzTarPerm extractEntry examples/curl.js
112 silly gunzTarPerm extractEntry examples/low-level.js
113 silly gunzTarPerm extractEntry examples/post-multi-part.js
114 silly gunzTarPerm extractEntry examples/test.js
115 silly gunzTarPerm extractEntry examples/low-level-pressure.js
116 silly gunzTarPerm extractEntry examples/test-stream.js
117 silly gunzTarPerm extractEntry examples/pressure-multi-post.js
118 silly gunzTarPerm extractEntry examples/test-get-info.js
119 silly gunzTarPerm extractEntry examples/test-errors.js
120 silly gunzTarPerm extractEntry examples/quick-start.js
121 silly gunzTarPerm extractEntry examples/post.js
122 silly gunzTarPerm extractEntry examples/pressure.js
123 silly gunzTarPerm extractEntry examples/pressure.toffee
124 silly gunzTarPerm extractEntry examples/curl.toffee
125 silly gunzTarPerm extractEntry examples/test-errors.toffee
126 silly gunzTarPerm extractEntry examples/pressure-multi-post.toffee
127 silly gunzTarPerm extractEntry examples/post.toffee
128 silly gunzTarPerm extractEntry examples/test-stream.toffee
129 silly gunzTarPerm extractEntry examples/post-multi-part.toffee
130 silly gunzTarPerm extractEntry examples/test.toffee
131 silly gunzTarPerm extractEntry .travis.yml
132 silly gunzTarPerm extractEntry index.toffee
133 silly gunzTarPerm extractEntry lib/Curl.js
134 silly gunzTarPerm extractEntry lib/CurlBuilder.js
135 silly gunzTarPerm extractEntry lib/Curl.toffee
136 silly gunzTarPerm extractEntry lib/CurlBuilder.toffee
137 silly gunzTarPerm extractEntry LICENSE-MIT
138 silly gunzTarPerm extractEntry src/generate_curl_options_list.sh
139 silly gunzTarPerm extractEntry src/node-curl.cc
140 silly gunzTarPerm extractEntry src/node-curl.h
141 silly gunzTarPerm extractEntry wscript
142 silly gentlyRm /home/anthony/Projects/slackbot/node_modules/.staging/node-curl-798239e8/node_modules is being purged
143 verbose gentlyRm don't care about contents; nuking /home/anthony/Projects/slackbot/node_modules/.staging/node-curl-798239e8/node_modules
144 silly doParallel preinstall 1
145 silly preinstall node-curl@0.3.3 /home/anthony/Projects/slackbot/node_modules/.staging/node-curl-798239e8
146 info lifecycle node-curl@0.3.3~preinstall: node-curl@0.3.3
147 silly lifecycle node-curl@0.3.3~preinstall: no script for preinstall, continuing
148 silly doReverseSerial remove 0
149 silly doSerial move 0
150 silly doSerial finalize 1
151 silly finalize /home/anthony/Projects/slackbot/node_modules/node-curl
152 silly doSerial build 1
153 silly build node-curl@0.3.3
154 info linkStuff node-curl@0.3.3
155 silly linkStuff node-curl@0.3.3 has /home/anthony/Projects/slackbot/node_modules as its parent node_modules
156 verbose linkBins node-curl@0.3.3
157 verbose linkMans node-curl@0.3.3
158 silly doSerial global-link 0
159 silly doParallel update-linked 0
160 silly doSerial install 1
161 silly install node-curl@0.3.3 /home/anthony/Projects/slackbot/node_modules/.staging/node-curl-798239e8
162 info lifecycle node-curl@0.3.3~install: node-curl@0.3.3
163 verbose lifecycle node-curl@0.3.3~install: unsafe-perm in lifecycle true
164 verbose lifecycle node-curl@0.3.3~install: PATH: /usr/lib/node_modules/npm/bin/node-gyp-bin:/home/anthony/Projects/slackbot/node_modules/node-curl/node_modules/.bin:/home/anthony/Projects/slackbot/node_modules/.bin:/usr/bin:/home/anthony/.gem/ruby/2.3.0/bin:/usr/local/sbin:/usr/local/bin:/usr/bin:/usr/lib/emscripten:/usr/lib/jvm/default/bin:/usr/bin/site_perl:/usr/bin/vendor_perl:/usr/bin/core_perl
165 verbose lifecycle node-curl@0.3.3~install: CWD: /home/anthony/Projects/slackbot/node_modules/node-curl
166 silly lifecycle node-curl@0.3.3~install: Args: [ '-c',
166 silly lifecycle   'sh src/generate_curl_options_list.sh && (node-gyp rebuild || node-waf configure build)' ]
167 info lifecycle node-curl@0.3.3~install: Failed to exec install script
168 verbose unlock done using /home/anthony/.npm/_locks/staging-262ffcd3f8b755a3.lock for /home/anthony/Projects/slackbot/node_modules/.staging
169 silly rollbackFailedOptional Starting
170 silly rollbackFailedOptional Finishing
171 silly runTopLevelLifecycles Starting
172 silly runTopLevelLifecycles Finishing
173 silly install printInstalled
174 warn slackbot@0.0.1 No description
175 warn slackbot@0.0.1 No repository field.
176 verbose stack Error: node-curl@0.3.3 install: `sh src/generate_curl_options_list.sh && (node-gyp rebuild || node-waf configure build)`
176 verbose stack spawn ENOENT
176 verbose stack     at ChildProcess.<anonymous> (/usr/lib/node_modules/npm/lib/utils/spawn.js:33:16)
176 verbose stack     at emitTwo (events.js:106:13)
176 verbose stack     at ChildProcess.emit (events.js:191:7)
176 verbose stack     at maybeClose (internal/child_process.js:852:16)
176 verbose stack     at Process.ChildProcess._handle.onexit (internal/child_process.js:215:5)
177 verbose pkgid node-curl@0.3.3
178 verbose cwd /home/anthony/Projects/slackbot
179 error Linux 4.6.3-1-ARCH
180 error argv "/usr/bin/node" "/usr/bin/npm" "install" "--save" "node-curl"
181 error node v6.3.0
182 error npm  v3.10.5
183 error file sh
184 error code ELIFECYCLE
185 error errno ENOENT
186 error syscall spawn
187 error node-curl@0.3.3 install: `sh src/generate_curl_options_list.sh && (node-gyp rebuild || node-waf configure build)`
187 error spawn ENOENT
188 error Failed at the node-curl@0.3.3 install script 'sh src/generate_curl_options_list.sh && (node-gyp rebuild || node-waf configure build)'.
188 error Make sure you have the latest version of node.js and npm installed.
188 error If you do, this is most likely a problem with the node-curl package,
188 error not with npm itself.
188 error Tell the author that this fails on your system:
188 error     sh src/generate_curl_options_list.sh && (node-gyp rebuild || node-waf configure build)
188 error You can get information on how to open an issue for this project with:
188 error     npm bugs node-curl
188 error Or if that isn't available, you can get their info via:
188 error     npm owner ls node-curl
188 error There is likely additional logging output above.
189 verbose exit [ 1, true ]
